[2026-03-21T15:23:36.914Z] {"timestamp":1774106614893,"level":"DEBUG","args":["[Manus] Debug collector initialized (no rrweb, UI events only)"],"stack":null}
[2026-03-21T15:23:36.914Z] {"timestamp":1774106615338,"level":"DEBUG","args":["[vite] connected."],"stack":null}
[2026-03-21T15:23:36.914Z] {"timestamp":1774106615457,"level":"INFO","args":["%cDownload the React DevTools for a better development experience: https://react.dev/link/react-devtools","font-weight:bold"],"stack":null}
[2026-03-21T15:24:47.158Z] {"timestamp":1774106685142,"level":"DEBUG","args":["[Manus] Debug collector initialized (no rrweb, UI events only)"],"stack":null}
[2026-03-21T15:24:47.158Z] {"timestamp":1774106685160,"level":"DEBUG","args":["[vite] connected."],"stack":null}
[2026-03-21T15:24:47.158Z] {"timestamp":1774106685247,"level":"INFO","args":["%cDownload the React DevTools for a better development experience: https://react.dev/link/react-devtools","font-weight:bold"],"stack":null}
[2026-03-21T15:25:12.297Z] {"timestamp":1774106710284,"level":"DEBUG","args":["[Manus] Debug collector initialized (no rrweb, UI events only)"],"stack":null}
[2026-03-21T15:25:12.298Z] {"timestamp":1774106710302,"level":"DEBUG","args":["[vite] connected."],"stack":null}
[2026-03-21T15:25:12.298Z] {"timestamp":1774106710401,"level":"INFO","args":["%cDownload the React DevTools for a better development experience: https://react.dev/link/react-devtools","font-weight:bold"],"stack":null}
[2026-03-21T15:26:50.300Z] {"timestamp":1774106808804,"level":"ERROR","args":["[vite]","Failed to reload /src/pages/ToneCompare.tsx. This could be due to syntax errors or importing non-existent modules. (see errors above)"],"stack":"Error\n    at console.<computed> [as error] (https://3000-idel8wres6lcmweif9yxa-d43ee18f.sg1.manus.computer/__manus__/debug-collector.js:391:37)\n    at Object.error (https://3000-idel8wres6lcmweif9yxa-d43ee18f.sg1.manus.computer/@vite/client:809:26)\n    at HMRClient.warnFailedUpdate (https://3000-idel8wres6lcmweif9yxa-d43ee18f.sg1.manus.computer/@vite/client:181:15)\n    at HMRClient.fetchUpdate (https://3000-idel8wres6lcmweif9yxa-d43ee18f.sg1.manus.computer/@vite/client:212:10)\n    at async Promise.all (index 0)\n    at async HMRClient.queueUpdate (https://3000-idel8wres6lcmweif9yxa-d43ee18f.sg1.manus.computer/@vite/client:196:5)\n    at async Promise.all (index 0)\n    at async handleMessage (https://3000-idel8wres6lcmweif9yxa-d43ee18f.sg1.manus.computer/@vite/client:838:4)"}
[2026-03-21T15:26:50.300Z] {"timestamp":1774106808872,"level":"DEBUG","args":["[vite]","hot updated: /src/pages/ToneCompare.tsx"],"stack":null}
[2026-03-21T15:26:50.300Z] {"timestamp":1774106808873,"level":"DEBUG","args":["[vite]","hot updated: /src/index.css"],"stack":null}
[2026-03-21T15:27:00.302Z] {"timestamp":1774106818790,"level":"DEBUG","args":["[vite]","hot updated: /src/pages/ToneCompare.tsx"],"stack":null}
[2026-03-21T15:27:00.302Z] {"timestamp":1774106818791,"level":"DEBUG","args":["[vite]","hot updated: /src/index.css"],"stack":null}
[2026-03-21T15:27:21.972Z] {"timestamp":1774106839956,"level":"DEBUG","args":["[Manus] Debug collector initialized (no rrweb, UI events only)"],"stack":null}
[2026-03-21T15:27:21.972Z] {"timestamp":1774106839980,"level":"DEBUG","args":["[vite] connected."],"stack":null}
[2026-03-21T15:27:21.972Z] {"timestamp":1774106840068,"level":"INFO","args":["%cDownload the React DevTools for a better development experience: https://react.dev/link/react-devtools","font-weight:bold"],"stack":null}
[2026-03-21T15:28:39.969Z] {"timestamp":1774106919356,"level":"DEBUG","args":["[vite]","hot updated: /src/pages/ToneCompare.tsx"],"stack":null}
[2026-03-21T15:28:39.969Z] {"timestamp":1774106919357,"level":"DEBUG","args":["[vite]","hot updated: /src/index.css"],"stack":null}
[2026-03-21T15:30:54.642Z] {"timestamp":1774107052627,"level":"DEBUG","args":["[Manus] Debug collector initialized (no rrweb, UI events only)"],"stack":null}
[2026-03-21T15:30:54.642Z] {"timestamp":1774107052641,"level":"DEBUG","args":["[vite] connected."],"stack":null}
[2026-03-21T15:30:54.642Z] {"timestamp":1774107052722,"level":"INFO","args":["%cDownload the React DevTools for a better development experience: https://react.dev/link/react-devtools","font-weight:bold"],"stack":null}
[2026-03-21T15:31:14.976Z] {"timestamp":1774107072412,"level":"DEBUG","args":["[Manus] Debug collector initialized (no rrweb, UI events only)"],"stack":null}
[2026-03-21T15:31:14.976Z] {"timestamp":1774107073388,"level":"DEBUG","args":["[vite] connected."],"stack":null}
[2026-03-21T15:31:15.298Z] {"timestamp":1774107073205,"level":"DEBUG","args":["[Manus] Debug collector initialized (no rrweb, UI events only)"],"stack":null}
[2026-03-21T15:31:15.298Z] {"timestamp":1774107073876,"level":"DEBUG","args":["[vite] connected."],"stack":null}
[2026-03-21T15:31:15.298Z] {"timestamp":1774107074377,"level":"INFO","args":["%cDownload the React DevTools for a better development experience: https://react.dev/link/react-devtools","font-weight:bold"],"stack":null}
[2026-03-21T15:31:24.170Z] {"timestamp":1774107081526,"level":"DEBUG","args":["[Manus] Debug collector initialized (no rrweb, UI events only)"],"stack":null}
[2026-03-21T15:31:24.170Z] {"timestamp":1774107082259,"level":"DEBUG","args":["[vite] connected."],"stack":null}
[2026-03-21T15:31:24.170Z] {"timestamp":1774107082292,"level":"INFO","args":["%cDownload the React DevTools for a better development experience: https://react.dev/link/react-devtools","font-weight:bold"],"stack":null}
[2026-03-21T15:35:54.318Z] {"timestamp":1774107351984,"level":"LOG","args":["[vite] server connection lost. Polling for restart..."],"stack":null}
[2026-03-21T15:35:57.879Z] {"timestamp":1774107354336,"level":"DEBUG","args":["[Manus] Debug collector initialized (no rrweb, UI events only)"],"stack":null}
[2026-03-21T15:35:57.879Z] {"timestamp":1774107355335,"level":"DEBUG","args":["[vite] connected."],"stack":null}
[2026-03-21T15:35:57.879Z] {"timestamp":1774107355770,"level":"INFO","args":["%cDownload the React DevTools for a better development experience: https://react.dev/link/react-devtools","font-weight:bold"],"stack":null}
[2026-03-21T15:39:57.376Z] {"timestamp":1774107594906,"level":"LOG","args":["[vite] server connection lost. Polling for restart..."],"stack":null}
[2026-03-21T15:40:00.877Z] {"timestamp":1774107597292,"level":"DEBUG","args":["[Manus] Debug collector initialized (no rrweb, UI events only)"],"stack":null}
[2026-03-21T15:40:00.877Z] {"timestamp":1774107598206,"level":"DEBUG","args":["[vite] connected."],"stack":null}
[2026-03-21T15:40:00.877Z] {"timestamp":1774107598811,"level":"INFO","args":["%cDownload the React DevTools for a better development experience: https://react.dev/link/react-devtools","font-weight:bold"],"stack":null}
[2026-03-21T15:47:49.165Z] {"timestamp":1774108068997,"level":"LOG","args":["[vite] server connection lost. Polling for restart..."],"stack":null}
[2026-03-21T15:47:51.642Z] {"timestamp":1774108069629,"level":"DEBUG","args":["[Manus] Debug collector initialized (no rrweb, UI events only)"],"stack":null}
[2026-03-21T15:47:51.642Z] {"timestamp":1774108069678,"level":"DEBUG","args":["[vite] connected."],"stack":null}
[2026-03-21T15:47:51.642Z] {"timestamp":1774108069775,"level":"INFO","args":["%cDownload the React DevTools for a better development experience: https://react.dev/link/react-devtools","font-weight:bold"],"stack":null}
[2026-03-21T15:49:57.644Z] {"timestamp":1774108196130,"level":"DEBUG","args":["[vite]","hot updated: /src/index.css"],"stack":null}
[2026-03-21T15:49:57.644Z] {"timestamp":1774108196131,"level":"DEBUG","args":["[vite]","hot updated: /src/pages/Pronunciation.tsx"],"stack":null}
[2026-03-21T15:49:57.644Z] {"timestamp":1774108196131,"level":"DEBUG","args":["[vite]","hot updated: /src/pages/Home.tsx"],"stack":null}
[2026-03-21T15:49:57.644Z] {"timestamp":1774108196131,"level":"DEBUG","args":["[vite]","hot updated: /src/pages/MandarinPronunciation.tsx"],"stack":null}
[2026-03-21T15:49:57.644Z] {"timestamp":1774108196132,"level":"DEBUG","args":["[vite]","hot updated: /src/pages/Culture.tsx"],"stack":null}
[2026-03-21T15:49:57.644Z] {"timestamp":1774108196132,"level":"DEBUG","args":["[vite]","hot updated: /src/pages/MandarinLearn.tsx"],"stack":null}
[2026-03-21T15:49:57.644Z] {"timestamp":1774108196133,"level":"DEBUG","args":["[vite]","hot updated: /src/pages/Profile.tsx"],"stack":null}
[2026-03-21T15:49:57.644Z] {"timestamp":1774108196134,"level":"DEBUG","args":["[vite]","hot updated: /src/pages/ToneCompare.tsx"],"stack":null}
[2026-03-21T15:49:57.644Z] {"timestamp":1774108196134,"level":"DEBUG","args":["[vite]","hot updated: /src/components/Navbar.tsx"],"stack":null}
[2026-03-21T15:49:57.644Z] {"timestamp":1774108196135,"level":"DEBUG","args":["[vite]","hot updated: /src/components/PronunciationDetail.tsx"],"stack":null}
[2026-03-21T15:50:57.641Z] {"timestamp":1774108256751,"level":"DEBUG","args":["[vite]","hot updated: /src/index.css"],"stack":null}
[2026-03-21T15:50:57.641Z] {"timestamp":1774108256752,"level":"DEBUG","args":["[vite]","hot updated: /src/pages/Pronunciation.tsx"],"stack":null}
[2026-03-21T15:50:57.641Z] {"timestamp":1774108256752,"level":"DEBUG","args":["[vite]","hot updated: /src/pages/Home.tsx"],"stack":null}
[2026-03-21T15:50:57.641Z] {"timestamp":1774108256753,"level":"DEBUG","args":["[vite]","hot updated: /src/pages/MandarinPronunciation.tsx"],"stack":null}
[2026-03-21T15:50:57.641Z] {"timestamp":1774108256754,"level":"DEBUG","args":["[vite]","hot updated: /src/pages/Culture.tsx"],"stack":null}
[2026-03-21T15:50:57.641Z] {"timestamp":1774108256754,"level":"DEBUG","args":["[vite]","hot updated: /src/pages/MandarinLearn.tsx"],"stack":null}
[2026-03-21T15:50:57.641Z] {"timestamp":1774108256755,"level":"DEBUG","args":["[vite]","hot updated: /src/pages/Profile.tsx"],"stack":null}
[2026-03-21T15:50:57.641Z] {"timestamp":1774108256756,"level":"DEBUG","args":["[vite]","hot updated: /src/pages/ToneCompare.tsx"],"stack":null}
[2026-03-21T15:50:57.641Z] {"timestamp":1774108256757,"level":"DEBUG","args":["[vite]","hot updated: /src/components/Navbar.tsx"],"stack":null}
[2026-03-21T15:50:57.641Z] {"timestamp":1774108256757,"level":"DEBUG","args":["[vite]","hot updated: /src/components/PronunciationDetail.tsx"],"stack":null}
[2026-03-21T15:51:39.648Z] {"timestamp":1774108299532,"level":"ERROR","args":["[vite]",{"type":"Error","message":"ALL_TONE_WORDS is not defined","stack":"ReferenceError: ALL_TONE_WORDS is not defined\n    at https://3000-idel8wres6lcmweif9yxa-d43ee18f.sg1.manus.computer/src/lib/dongData.ts?t=1774108299428:532:17"}],"stack":"Error\n    at console.<computed> [as error] (https://3000-idel8wres6lcmweif9yxa-d43ee18f.sg1.manus.computer/__manus__/debug-collector.js:391:37)\n    at Object.error (https://3000-idel8wres6lcmweif9yxa-d43ee18f.sg1.manus.computer/@vite/client:809:26)\n    at HMRClient.warnFailedUpdate (https://3000-idel8wres6lcmweif9yxa-d43ee18f.sg1.manus.computer/@vite/client:180:78)\n    at HMRClient.fetchUpdate (https://3000-idel8wres6lcmweif9yxa-d43ee18f.sg1.manus.computer/@vite/client:212:10)\n    at async Promise.all (index 5)\n    at async HMRClient.queueUpdate (https://3000-idel8wres6lcmweif9yxa-d43ee18f.sg1.manus.computer/@vite/client:196:5)\n    at async Promise.all (index 0)\n    at async handleMessage (https://3000-idel8wres6lcmweif9yxa-d43ee18f.sg1.manus.computer/@vite/client:838:4)"}
[2026-03-21T15:51:39.648Z] {"timestamp":1774108299537,"level":"ERROR","args":["[vite]","Failed to reload /src/pages/MandarinLearn.tsx. This could be due to syntax errors or importing non-existent modules. (see errors above)"],"stack":"Error\n    at console.<computed> [as error] (https://3000-idel8wres6lcmweif9yxa-d43ee18f.sg1.manus.computer/__manus__/debug-collector.js:391:37)\n    at Object.error (https://3000-idel8wres6lcmweif9yxa-d43ee18f.sg1.manus.computer/@vite/client:809:26)\n    at HMRClient.warnFailedUpdate (https://3000-idel8wres6lcmweif9yxa-d43ee18f.sg1.manus.computer/@vite/client:181:15)\n    at HMRClient.fetchUpdate (https://3000-idel8wres6lcmweif9yxa-d43ee18f.sg1.manus.computer/@vite/client:212:10)\n    at async Promise.all (index 5)\n    at async HMRClient.queueUpdate (https://3000-idel8wres6lcmweif9yxa-d43ee18f.sg1.manus.computer/@vite/client:196:5)\n    at async Promise.all (index 0)\n    at async handleMessage (https://3000-idel8wres6lcmweif9yxa-d43ee18f.sg1.manus.computer/@vite/client:838:4)"}
[2026-03-21T15:51:39.648Z] {"timestamp":1774108299538,"level":"ERROR","args":["[vite]",{"type":"Error","message":"ALL_TONE_WORDS is not defined","stack":"ReferenceError: ALL_TONE_WORDS is not defined\n    at https://3000-idel8wres6lcmweif9yxa-d43ee18f.sg1.manus.computer/src/lib/dongData.ts?t=1774108299428:532:17"}],"stack":"Error\n    at console.<computed> [as error] (https://3000-idel8wres6lcmweif9yxa-d43ee18f.sg1.manus.computer/__manus__/debug-collector.js:391:37)\n    at Object.error (https://3000-idel8wres6lcmweif9yxa-d43ee18f.sg1.manus.computer/@vite/client:809:26)\n    at HMRClient.warnFailedUpdate (https://3000-idel8wres6lcmweif9yxa-d43ee18f.sg1.manus.computer/@vite/client:180:78)\n    at HMRClient.fetchUpdate (https://3000-idel8wres6lcmweif9yxa-d43ee18f.sg1.manus.computer/@vite/client:212:10)\n    at async Promise.all (index 8)\n    at async HMRClient.queueUpdate (https://3000-idel8wres6lcmweif9yxa-d43ee18f.sg1.manus.computer/@vite/client:196:5)\n    at async Promise.all (index 0)\n    at async handleMessage (https://3000-idel8wres6lcmweif9yxa-d43ee18f.sg1.manus.computer/@vite/client:838:4)"}
[2026-03-21T15:51:39.648Z] {"timestamp":1774108299540,"level":"ERROR","args":["[vite]","Failed to reload /src/components/Navbar.tsx. This could be due to syntax errors or importing non-existent modules. (see errors above)"],"stack":"Error\n    at console.<computed> [as error] (https://3000-idel8wres6lcmweif9yxa-d43ee18f.sg1.manus.computer/__manus__/debug-collector.js:391:37)\n    at Object.error (https://3000-idel8wres6lcmweif9yxa-d43ee18f.sg1.manus.computer/@vite/client:809:26)\n    at HMRClient.warnFailedUpdate (https://3000-idel8wres6lcmweif9yxa-d43ee18f.sg1.manus.computer/@vite/client:181:15)\n    at HMRClient.fetchUpdate (https://3000-idel8wres6lcmweif9yxa-d43ee18f.sg1.manus.computer/@vite/client:212:10)\n    at async Promise.all (index 8)\n    at async HMRClient.queueUpdate (https://3000-idel8wres6lcmweif9yxa-d43ee18f.sg1.manus.computer/@vite/client:196:5)\n    at async Promise.all (index 0)\n    at async handleMessage (https://3000-idel8wres6lcmweif9yxa-d43ee18f.sg1.manus.computer/@vite/client:838:4)"}
[2026-03-21T15:51:39.648Z] {"timestamp":1774108299541,"level":"ERROR","args":["[vite]",{"type":"Error","message":"ALL_TONE_WORDS is not defined","stack":"ReferenceError: ALL_TONE_WORDS is not defined\n    at https://3000-idel8wres6lcmweif9yxa-d43ee18f.sg1.manus.computer/src/lib/dongData.ts?t=1774108299428:532:17"}],"stack":"Error\n    at console.<computed> [as error] (https://3000-idel8wres6lcmweif9yxa-d43ee18f.sg1.manus.computer/__manus__/debug-collector.js:391:37)\n    at Object.error (https://3000-idel8wres6lcmweif9yxa-d43ee18f.sg1.manus.computer/@vite/client:809:26)\n    at HMRClient.warnFailedUpdate (https://3000-idel8wres6lcmweif9yxa-d43ee18f.sg1.manus.computer/@vite/client:180:78)\n    at HMRClient.fetchUpdate (https://3000-idel8wres6lcmweif9yxa-d43ee18f.sg1.manus.computer/@vite/client:212:10)\n    at async Promise.all (index 9)\n    at async HMRClient.queueUpdate (https://3000-idel8wres6lcmweif9yxa-d43ee18f.sg1.manus.computer/@vite/client:196:5)\n    at async Promise.all (index 0)\n    at async handleMessage (https://3000-idel8wres6lcmweif9yxa-d43ee18f.sg1.manus.computer/@vite/client:838:4)"}
[2026-03-21T15:51:39.648Z] {"timestamp":1774108299542,"level":"ERROR","args":["[vite]","Failed to reload /src/components/PronunciationDetail.tsx. This could be due to syntax errors or importing non-existent modules. (see errors above)"],"stack":"Error\n    at console.<computed> [as error] (https://3000-idel8wres6lcmweif9yxa-d43ee18f.sg1.manus.computer/__manus__/debug-collector.js:391:37)\n    at Object.error (https://3000-idel8wres6lcmweif9yxa-d43ee18f.sg1.manus.computer/@vite/client:809:26)\n    at HMRClient.warnFailedUpdate (https://3000-idel8wres6lcmweif9yxa-d43ee18f.sg1.manus.computer/@vite/client:181:15)\n    at HMRClient.fetchUpdate (https://3000-idel8wres6lcmweif9yxa-d43ee18f.sg1.manus.computer/@vite/client:212:10)\n    at async Promise.all (index 9)\n    at async HMRClient.queueUpdate (https://3000-idel8wres6lcmweif9yxa-d43ee18f.sg1.manus.computer/@vite/client:196:5)\n    at async Promise.all (index 0)\n    at async handleMessage (https://3000-idel8wres6lcmweif9yxa-d43ee18f.sg1.manus.computer/@vite/client:838:4)"}
[2026-03-21T15:51:39.648Z] {"timestamp":1774108299543,"level":"ERROR","args":["[vite]",{"type":"Error","message":"ALL_TONE_WORDS is not defined","stack":"ReferenceError: ALL_TONE_WORDS is not defined\n    at https://3000-idel8wres6lcmweif9yxa-d43ee18f.sg1.manus.computer/src/lib/dongData.ts?t=1774108299428:532:17"}],"stack":"Error\n    at console.<computed> [as error] (https://3000-idel8wres6lcmweif9yxa-d43ee18f.sg1.manus.computer/__manus__/debug-collector.js:391:37)\n    at Object.error (https://3000-idel8wres6lcmweif9yxa-d43ee18f.sg1.manus.computer/@vite/client:809:26)\n    at HMRClient.warnFailedUpdate (https://3000-idel8wres6lcmweif9yxa-d43ee18f.sg1.manus.computer/@vite/client:180:78)\n    at HMRClient.fetchUpdate (https://3000-idel8wres6lcmweif9yxa-d43ee18f.sg1.manus.computer/@vite/client:212:10)\n    at async Promise.all (index 6)\n    at async HMRClient.queueUpdate (https://3000-idel8wres6lcmweif9yxa-d43ee18f.sg1.manus.computer/@vite/client:196:5)\n    at async Promise.all (index 0)\n    at async handleMessage (https://3000-idel8wres6lcmweif9yxa-d43ee18f.sg1.manus.computer/@vite/client:838:4)"}
[2026-03-21T15:51:39.648Z] {"timestamp":1774108299544,"level":"ERROR","args":["[vite]","Failed to reload /src/pages/Profile.tsx. This could be due to syntax errors or importing non-existent modules. (see errors above)"],"stack":"Error\n    at console.<computed> [as error] (https://3000-idel8wres6lcmweif9yxa-d43ee18f.sg1.manus.computer/__manus__/debug-collector.js:391:37)\n    at Object.error (https://3000-idel8wres6lcmweif9yxa-d43ee18f.sg1.manus.computer/@vite/client:809:26)\n    at HMRClient.warnFailedUpdate (https://3000-idel8wres6lcmweif9yxa-d43ee18f.sg1.manus.computer/@vite/client:181:15)\n    at HMRClient.fetchUpdate (https://3000-idel8wres6lcmweif9yxa-d43ee18f.sg1.manus.computer/@vite/client:212:10)\n    at async Promise.all (index 6)\n    at async HMRClient.queueUpdate (https://3000-idel8wres6lcmweif9yxa-d43ee18f.sg1.manus.computer/@vite/client:196:5)\n    at async Promise.all (index 0)\n    at async handleMessage (https://3000-idel8wres6lcmweif9yxa-d43ee18f.sg1.manus.computer/@vite/client:838:4)"}
[2026-03-21T15:51:39.648Z] {"timestamp":1774108299545,"level":"ERROR","args":["[vite]",{"type":"Error","message":"ALL_TONE_WORDS is not defined","stack":"ReferenceError: ALL_TONE_WORDS is not defined\n    at https://3000-idel8wres6lcmweif9yxa-d43ee18f.sg1.manus.computer/src/lib/dongData.ts?t=1774108299428:532:17"}],"stack":"Error\n    at console.<computed> [as error] (https://3000-idel8wres6lcmweif9yxa-d43ee18f.sg1.manus.computer/__manus__/debug-collector.js:391:37)\n    at Object.error (https://3000-idel8wres6lcmweif9yxa-d43ee18f.sg1.manus.computer/@vite/client:809:26)\n    at HMRClient.warnFailedUpdate (https://3000-idel8wres6lcmweif9yxa-d43ee18f.sg1.manus.computer/@vite/client:180:78)\n    at HMRClient.fetchUpdate (https://3000-idel8wres6lcmweif9yxa-d43ee18f.sg1.manus.computer/@vite/client:212:10)\n    at async Promise.all (index 3)\n    at async HMRClient.queueUpdate (https://3000-idel8wres6lcmweif9yxa-d43ee18f.sg1.manus.computer/@vite/client:196:5)\n    at async Promise.all (index 0)\n    at async handleMessage (https://3000-idel8wres6lcmweif9yxa-d43ee18f.sg1.manus.computer/@vite/client:838:4)"}
[2026-03-21T15:51:39.648Z] {"timestamp":1774108299546,"level":"ERROR","args":["[vite]","Failed to reload /src/pages/MandarinPronunciation.tsx. This could be due to syntax errors or importing non-existent modules. (see errors above)"],"stack":"Error\n    at console.<computed> [as error] (https://3000-idel8wres6lcmweif9yxa-d43ee18f.sg1.manus.computer/__manus__/debug-collector.js:391:37)\n    at Object.error (https://3000-idel8wres6lcmweif9yxa-d43ee18f.sg1.manus.computer/@vite/client:809:26)\n    at HMRClient.warnFailedUpdate (https://3000-idel8wres6lcmweif9yxa-d43ee18f.sg1.manus.computer/@vite/client:181:15)\n    at HMRClient.fetchUpdate (https://3000-idel8wres6lcmweif9yxa-d43ee18f.sg1.manus.computer/@vite/client:212:10)\n    at async Promise.all (index 3)\n    at async HMRClient.queueUpdate (https://3000-idel8wres6lcmweif9yxa-d43ee18f.sg1.manus.computer/@vite/client:196:5)\n    at async Promise.all (index 0)\n    at async handleMessage (https://3000-idel8wres6lcmweif9yxa-d43ee18f.sg1.manus.computer/@vite/client:838:4)"}
[2026-03-21T15:51:39.648Z] {"timestamp":1774108299547,"level":"ERROR","args":["[vite]",{"type":"Error","message":"ALL_TONE_WORDS is not defined","stack":"ReferenceError: ALL_TONE_WORDS is not defined\n    at https://3000-idel8wres6lcmweif9yxa-d43ee18f.sg1.manus.computer/src/lib/dongData.ts?t=1774108299428:532:17"}],"stack":"Error\n    at console.<computed> [as error] (https://3000-idel8wres6lcmweif9yxa-d43ee18f.sg1.manus.computer/__manus__/debug-collector.js:391:37)\n    at Object.error (https://3000-idel8wres6lcmweif9yxa-d43ee18f.sg1.manus.computer/@vite/client:809:26)\n    at HMRClient.warnFailedUpdate (https://3000-idel8wres6lcmweif9yxa-d43ee18f.sg1.manus.computer/@vite/client:180:78)\n    at HMRClient.fetchUpdate (https://3000-idel8wres6lcmweif9yxa-d43ee18f.sg1.manus.computer/@vite/client:212:10)\n    at async Promise.all (index 1)\n    at async HMRClient.queueUpdate (https://3000-idel8wres6lcmweif9yxa-d43ee18f.sg1.manus.computer/@vite/client:196:5)\n    at async Promise.all (index 0)\n    at async handleMessage (https://3000-idel8wres6lcmweif9yxa-d43ee18f.sg1.manus.computer/@vite/client:838:4)"}
[2026-03-21T15:51:39.648Z] {"timestamp":1774108299548,"level":"ERROR","args":["[vite]","Failed to reload /src/pages/Pronunciation.tsx. This could be due to syntax errors or importing non-existent modules. (see errors above)"],"stack":"Error\n    at console.<computed> [as error] (https://3000-idel8wres6lcmweif9yxa-d43ee18f.sg1.manus.computer/__manus__/debug-collector.js:391:37)\n    at Object.error (https://3000-idel8wres6lcmweif9yxa-d43ee18f.sg1.manus.computer/@vite/client:809:26)\n    at HMRClient.warnFailedUpdate (https://3000-idel8wres6lcmweif9yxa-d43ee18f.sg1.manus.computer/@vite/client:181:15)\n    at HMRClient.fetchUpdate (https://3000-idel8wres6lcmweif9yxa-d43ee18f.sg1.manus.computer/@vite/client:212:10)\n    at async Promise.all (index 1)\n    at async HMRClient.queueUpdate (https://3000-idel8wres6lcmweif9yxa-d43ee18f.sg1.manus.computer/@vite/client:196:5)\n    at async Promise.all (index 0)\n    at async handleMessage (https://3000-idel8wres6lcmweif9yxa-d43ee18f.sg1.manus.computer/@vite/client:838:4)"}
[2026-03-21T15:51:39.648Z] {"timestamp":1774108299549,"level":"ERROR","args":["[vite]",{"type":"Error","message":"ALL_TONE_WORDS is not defined","stack":"ReferenceError: ALL_TONE_WORDS is not defined\n    at https://3000-idel8wres6lcmweif9yxa-d43ee18f.sg1.manus.computer/src/lib/dongData.ts?t=1774108299428:532:17"}],"stack":"Error\n    at console.<computed> [as error] (https://3000-idel8wres6lcmweif9yxa-d43ee18f.sg1.manus.computer/__manus__/debug-collector.js:391:37)\n    at Object.error (https://3000-idel8wres6lcmweif9yxa-d43ee18f.sg1.manus.computer/@vite/client:809:26)\n    at HMRClient.warnFailedUpdate (https://3000-idel8wres6lcmweif9yxa-d43ee18f.sg1.manus.computer/@vite/client:180:78)\n    at HMRClient.fetchUpdate (https://3000-idel8wres6lcmweif9yxa-d43ee18f.sg1.manus.computer/@vite/client:212:10)\n    at async Promise.all (index 7)\n    at async HMRClient.queueUpdate (https://3000-idel8wres6lcmweif9yxa-d43ee18f.sg1.manus.computer/@vite/client:196:5)\n    at async Promise.all (index 0)\n    at async handleMessage (https://3000-idel8wres6lcmweif9yxa-d43ee18f.sg1.manus.computer/@vite/client:838:4)"}
[2026-03-21T15:51:39.648Z] {"timestamp":1774108299549,"level":"ERROR","args":["[vite]","Failed to reload /src/pages/ToneCompare.tsx. This could be due to syntax errors or importing non-existent modules. (see errors above)"],"stack":"Error\n    at console.<computed> [as error] (https://3000-idel8wres6lcmweif9yxa-d43ee18f.sg1.manus.computer/__manus__/debug-collector.js:391:37)\n    at Object.error (https://3000-idel8wres6lcmweif9yxa-d43ee18f.sg1.manus.computer/@vite/client:809:26)\n    at HMRClient.warnFailedUpdate (https://3000-idel8wres6lcmweif9yxa-d43ee18f.sg1.manus.computer/@vite/client:181:15)\n    at HMRClient.fetchUpdate (https://3000-idel8wres6lcmweif9yxa-d43ee18f.sg1.manus.computer/@vite/client:212:10)\n    at async Promise.all (index 7)\n    at async HMRClient.queueUpdate (https://3000-idel8wres6lcmweif9yxa-d43ee18f.sg1.manus.computer/@vite/client:196:5)\n    at async Promise.all (index 0)\n    at async handleMessage (https://3000-idel8wres6lcmweif9yxa-d43ee18f.sg1.manus.computer/@vite/client:838:4)"}
[2026-03-21T15:51:39.648Z] {"timestamp":1774108299550,"level":"ERROR","args":["[vite]",{"type":"Error","message":"ALL_TONE_WORDS is not defined","stack":"ReferenceError: ALL_TONE_WORDS is not defined\n    at https://3000-idel8wres6lcmweif9yxa-d43ee18f.sg1.manus.computer/src/lib/dongData.ts?t=1774108299428:532:17"}],"stack":"Error\n    at console.<computed> [as error] (https://3000-idel8wres6lcmweif9yxa-d43ee18f.sg1.manus.computer/__manus__/debug-collector.js:391:37)\n    at Object.error (https://3000-idel8wres6lcmweif9yxa-d43ee18f.sg1.manus.computer/@vite/client:809:26)\n    at HMRClient.warnFailedUpdate (https://3000-idel8wres6lcmweif9yxa-d43ee18f.sg1.manus.computer/@vite/client:180:78)\n    at HMRClient.fetchUpdate (https://3000-idel8wres6lcmweif9yxa-d43ee18f.sg1.manus.computer/@vite/client:212:10)\n    at async Promise.all (index 4)\n    at async HMRClient.queueUpdate (https://3000-idel8wres6lcmweif9yxa-d43ee18f.sg1.manus.computer/@vite/client:196:5)\n    at async Promise.all (index 0)\n    at async handleMessage (https://3000-idel8wres6lcmweif9yxa-d43ee18f.sg1.manus.computer/@vite/client:838:4)"}
[2026-03-21T15:51:39.648Z] {"timestamp":1774108299551,"level":"ERROR","args":["[vite]","Failed to reload /src/pages/Culture.tsx. This could be due to syntax errors or importing non-existent modules. (see errors above)"],"stack":"Error\n    at console.<computed> [as error] (https://3000-idel8wres6lcmweif9yxa-d43ee18f.sg1.manus.computer/__manus__/debug-collector.js:391:37)\n    at Object.error (https://3000-idel8wres6lcmweif9yxa-d43ee18f.sg1.manus.computer/@vite/client:809:26)\n    at HMRClient.warnFailedUpdate (https://3000-idel8wres6lcmweif9yxa-d43ee18f.sg1.manus.computer/@vite/client:181:15)\n    at HMRClient.fetchUpdate (https://3000-idel8wres6lcmweif9yxa-d43ee18f.sg1.manus.computer/@vite/client:212:10)\n    at async Promise.all (index 4)\n    at async HMRClient.queueUpdate (https://3000-idel8wres6lcmweif9yxa-d43ee18f.sg1.manus.computer/@vite/client:196:5)\n    at async Promise.all (index 0)\n    at async handleMessage (https://3000-idel8wres6lcmweif9yxa-d43ee18f.sg1.manus.computer/@vite/client:838:4)"}
[2026-03-21T15:51:39.648Z] {"timestamp":1774108299552,"level":"ERROR","args":["[vite]",{"type":"Error","message":"ALL_TONE_WORDS is not defined","stack":"ReferenceError: ALL_TONE_WORDS is not defined\n    at https://3000-idel8wres6lcmweif9yxa-d43ee18f.sg1.manus.computer/src/lib/dongData.ts?t=1774108299428:532:17"}],"stack":"Error\n    at console.<computed> [as error] (https://3000-idel8wres6lcmweif9yxa-d43ee18f.sg1.manus.computer/__manus__/debug-collector.js:391:37)\n    at Object.error (https://3000-idel8wres6lcmweif9yxa-d43ee18f.sg1.manus.computer/@vite/client:809:26)\n    at HMRClient.warnFailedUpdate (https://3000-idel8wres6lcmweif9yxa-d43ee18f.sg1.manus.computer/@vite/client:180:78)\n    at HMRClient.fetchUpdate (https://3000-idel8wres6lcmweif9yxa-d43ee18f.sg1.manus.computer/@vite/client:212:10)\n    at async Promise.all (index 2)\n    at async HMRClient.queueUpdate (https://3000-idel8wres6lcmweif9yxa-d43ee18f.sg1.manus.computer/@vite/client:196:5)\n    at async Promise.all (index 0)\n    at async handleMessage (https://3000-idel8wres6lcmweif9yxa-d43ee18f.sg1.manus.computer/@vite/client:838:4)"}
[2026-03-21T15:51:39.648Z] {"timestamp":1774108299553,"level":"ERROR","args":["[vite]","Failed to reload /src/pages/Home.tsx. This could be due to syntax errors or importing non-existent modules. (see errors above)"],"stack":"Error\n    at console.<computed> [as error] (https://3000-idel8wres6lcmweif9yxa-d43ee18f.sg1.manus.computer/__manus__/debug-collector.js:391:37)\n    at Object.error (https://3000-idel8wres6lcmweif9yxa-d43ee18f.sg1.manus.computer/@vite/client:809:26)\n    at HMRClient.warnFailedUpdate (https://3000-idel8wres6lcmweif9yxa-d43ee18f.sg1.manus.computer/@vite/client:181:15)\n    at HMRClient.fetchUpdate (https://3000-idel8wres6lcmweif9yxa-d43ee18f.sg1.manus.computer/@vite/client:212:10)\n    at async Promise.all (index 2)\n    at async HMRClient.queueUpdate (https://3000-idel8wres6lcmweif9yxa-d43ee18f.sg1.manus.computer/@vite/client:196:5)\n    at async Promise.all (index 0)\n    at async handleMessage (https://3000-idel8wres6lcmweif9yxa-d43ee18f.sg1.manus.computer/@vite/client:838:4)"}
[2026-03-21T15:51:39.648Z] {"timestamp":1774108299554,"level":"DEBUG","args":["[vite]","hot updated: /src/index.css"],"stack":null}
[2026-03-21T15:51:39.648Z] {"timestamp":1774108299554,"level":"DEBUG","args":["[vite]","hot updated: /src/pages/Pronunciation.tsx"],"stack":null}
[2026-03-21T15:51:39.648Z] {"timestamp":1774108299555,"level":"DEBUG","args":["[vite]","hot updated: /src/pages/Home.tsx"],"stack":null}
[2026-03-21T15:51:39.648Z] {"timestamp":1774108299556,"level":"DEBUG","args":["[vite]","hot updated: /src/pages/MandarinPronunciation.tsx"],"stack":null}
[2026-03-21T15:51:39.648Z] {"timestamp":1774108299557,"level":"DEBUG","args":["[vite]","hot updated: /src/pages/Culture.tsx"],"stack":null}
[2026-03-21T15:51:39.648Z] {"timestamp":1774108299557,"level":"DEBUG","args":["[vite]","hot updated: /src/pages/MandarinLearn.tsx"],"stack":null}
[2026-03-21T15:51:39.648Z] {"timestamp":1774108299558,"level":"DEBUG","args":["[vite]","hot updated: /src/pages/Profile.tsx"],"stack":null}
[2026-03-21T15:51:39.648Z] {"timestamp":1774108299559,"level":"DEBUG","args":["[vite]","hot updated: /src/pages/ToneCompare.tsx"],"stack":null}
[2026-03-21T15:51:39.648Z] {"timestamp":1774108299560,"level":"DEBUG","args":["[vite]","hot updated: /src/components/Navbar.tsx"],"stack":null}
[2026-03-21T15:51:39.648Z] {"timestamp":1774108299561,"level":"DEBUG","args":["[vite]","hot updated: /src/components/PronunciationDetail.tsx"],"stack":null}
[2026-03-21T15:51:51.643Z] {"timestamp":1774108310467,"level":"DEBUG","args":["[vite]","hot updated: /src/index.css"],"stack":null}
[2026-03-21T15:51:51.643Z] {"timestamp":1774108310468,"level":"DEBUG","args":["[vite]","hot updated: /src/pages/Pronunciation.tsx"],"stack":null}
[2026-03-21T15:51:51.643Z] {"timestamp":1774108310469,"level":"DEBUG","args":["[vite]","hot updated: /src/pages/Home.tsx"],"stack":null}
[2026-03-21T15:51:51.643Z] {"timestamp":1774108310469,"level":"DEBUG","args":["[vite]","hot updated: /src/pages/MandarinPronunciation.tsx"],"stack":null}
[2026-03-21T15:51:51.643Z] {"timestamp":1774108310469,"level":"DEBUG","args":["[vite]","hot updated: /src/pages/Culture.tsx"],"stack":null}
[2026-03-21T15:51:51.643Z] {"timestamp":1774108310470,"level":"DEBUG","args":["[vite]","hot updated: /src/pages/MandarinLearn.tsx"],"stack":null}
[2026-03-21T15:51:51.643Z] {"timestamp":1774108310471,"level":"DEBUG","args":["[vite]","hot updated: /src/pages/Profile.tsx"],"stack":null}
[2026-03-21T15:51:51.643Z] {"timestamp":1774108310471,"level":"DEBUG","args":["[vite]","hot updated: /src/pages/ToneCompare.tsx"],"stack":null}
[2026-03-21T15:51:51.643Z] {"timestamp":1774108310472,"level":"DEBUG","args":["[vite]","hot updated: /src/components/Navbar.tsx"],"stack":null}
[2026-03-21T15:51:51.643Z] {"timestamp":1774108310472,"level":"DEBUG","args":["[vite]","hot updated: /src/components/PronunciationDetail.tsx"],"stack":null}
[2026-03-21T15:52:11.774Z] {"timestamp":1774108329761,"level":"DEBUG","args":["[Manus] Debug collector initialized (no rrweb, UI events only)"],"stack":null}
[2026-03-21T15:52:11.774Z] {"timestamp":1774108329793,"level":"DEBUG","args":["[vite] connected."],"stack":null}
[2026-03-21T15:52:11.775Z] {"timestamp":1774108329879,"level":"INFO","args":["%cDownload the React DevTools for a better development experience: https://react.dev/link/react-devtools","font-weight:bold"],"stack":null}
[2026-03-21T15:52:19.026Z] {"timestamp":1774108337013,"level":"DEBUG","args":["[Manus] Debug collector initialized (no rrweb, UI events only)"],"stack":null}
[2026-03-21T15:52:19.026Z] {"timestamp":1774108337034,"level":"DEBUG","args":["[vite] connected."],"stack":null}
[2026-03-21T15:52:19.026Z] {"timestamp":1774108337144,"level":"INFO","args":["%cDownload the React DevTools for a better development experience: https://react.dev/link/react-devtools","font-weight:bold"],"stack":null}
[2026-03-21T15:52:37.307Z] {"timestamp":1774108356689,"level":"LOG","args":["Audio监听已设置"],"stack":null}
[2026-03-21T15:53:37.028Z] {"timestamp":1774108415851,"level":"LOG","args":["Scripts:","https://3000-idel8wres6lcmweif9yxa-d43ee18f.sg1.manus.computer/@vite/client\nhttps://3000-idel8wres6lcmweif9yxa-d43ee18f.sg1.manus.computer/__manus__/debug-collector.js\nhttps://3000-idel8wres6lcmweif9yxa-d43ee18f.sg1.manus.computer/src/main.tsx?t=1774108310303\nhttps://3000-idel8wres6lcmweif9yxa-d43ee18f.sg1.manus.computer/%VITE_ANALYTICS_ENDPOINT%/umami"],"stack":null}
[2026-03-21T15:53:37.028Z] {"timestamp":1774108415852,"level":"LOG","args":["Window keys:",["_lastAudioSrc"]],"stack":null}
[2026-03-21T15:53:43.031Z] {"timestamp":1774108422984,"level":"LOG","args":["Audio requests:",""],"stack":null}
[2026-03-21T15:53:43.031Z] {"timestamp":1774108422985,"level":"LOG","args":["Total audio requests:","0"],"stack":null}
[2026-03-21T15:53:52.180Z] {"timestamp":1774108430162,"level":"DEBUG","args":["[Manus] Debug collector initialized (no rrweb, UI events only)"],"stack":null}
[2026-03-21T15:53:52.180Z] {"timestamp":1774108430178,"level":"DEBUG","args":["[vite] connected."],"stack":null}
[2026-03-21T15:53:52.180Z] {"timestamp":1774108430288,"level":"INFO","args":["%cDownload the React DevTools for a better development experience: https://react.dev/link/react-devtools","font-weight:bold"],"stack":null}
[2026-03-21T15:54:02.177Z] {"timestamp":1774108440224,"level":"LOG","args":["Audio拦截已设置"],"stack":null}
[2026-03-21T15:54:44.179Z] {"timestamp":1774108482541,"level":"LOG","args":["Audio log:","[]"],"stack":null}
[2026-03-21T15:55:31.469Z] {"timestamp":1774108529455,"level":"DEBUG","args":["[Manus] Debug collector initialized (no rrweb, UI events only)"],"stack":null}
[2026-03-21T15:55:31.469Z] {"timestamp":1774108529716,"level":"DEBUG","args":["[vite] connected."],"stack":null}
[2026-03-21T15:55:31.469Z] {"timestamp":1774108529973,"level":"INFO","args":["%cDownload the React DevTools for a better development experience: https://react.dev/link/react-devtools","font-weight:bold"],"stack":null}
[2026-03-21T15:55:43.666Z] {"timestamp":1774108541653,"level":"DEBUG","args":["[Manus] Debug collector initialized (no rrweb, UI events only)"],"stack":null}
[2026-03-21T15:55:43.666Z] {"timestamp":1774108541714,"level":"DEBUG","args":["[vite] connected."],"stack":null}
[2026-03-21T15:55:43.666Z] {"timestamp":1774108542043,"level":"INFO","args":["%cDownload the React DevTools for a better development experience: https://react.dev/link/react-devtools","font-weight:bold"],"stack":null}
[2026-03-21T15:56:13.672Z] {"timestamp":1774108571726,"level":"LOG","args":["Found speak button:","<button data-loc=\"client/src/pages/Pronunciation.tsx:194\" data-slot=\"button\" class=\"inline-flex items-center justify-center gap-2 whitespace-nowrap text-sm font-medium transition-all disabled:pointer-"],"stack":null}
[2026-03-21T15:56:13.672Z] {"timestamp":1774108571728,"level":"LOG","args":["Clicked"],"stack":null}
[2026-03-21T15:56:21.669Z] {"timestamp":1774108580406,"level":"LOG","args":["Module scripts count:","3"],"stack":null}
[2026-03-21T15:56:21.669Z] {"timestamp":1774108580407,"level":"LOG","args":["JS files loaded:","debug-collector.js, main.tsx, react_jsx-dev-runtime.js?v=7299dd4d, react-dom_client.js?v=7299dd4d, App.tsx, chunk-MO2SMAW5.js?v=7299dd4d, chunk-G3PMV62Z.js?v=7299dd4d, chunk-OAOW3YOK.js?v=7299dd4d, sonner.tsx, tooltip.tsx, NotFound.tsx, wouter.js?v=7299dd4d, react.js?v=7299dd4d, ErrorBoundary.tsx, ThemeContext.tsx, Home.tsx, Pronunciation.tsx, MandarinPronunciation.tsx, Message.tsx, Culture.tsx, DongLearn.tsx, MandarinLearn.tsx, Profile.tsx, ToneCompare.tsx, FieldData.tsx, @radix-ui_react-tooltip.js?v=7299dd4d, utils.ts, chunk-LGXQMXTS.js?v=7299dd4d, chunk-KIYS72I5.js?v=7299dd4d, next-themes.js?v=7299dd4d, sonner.js?v=7299dd4d, button.tsx, card.tsx, lucide-react.js?v=7299dd4d, Navbar.tsx, Carousel.tsx, Footer.tsx, dongData.ts, PronunciationDetail.tsx, ToneCurve.tsx, MouthShape.tsx, dongToneData.ts, fieldData.ts, framer-motion.js?v=7299dd4d, clsx.js?v=7299dd4d, tailwind-merge.js?v=7299dd4d, @radix-ui_react-slot.js?v=7299dd4d, class-variance-authority.js?v=7299dd4d, chunk-DEX2RCYB.js?v=7299dd4d"],"stack":null}
[2026-03-21T15:56:41.667Z] {"timestamp":1774108600699,"level":"LOG","args":["Fiber key:","__reactFiber$5mcmeaqxocd"],"stack":null}
[2026-03-21T15:56:41.667Z] {"timestamp":1774108600700,"level":"LOG","args":["Has fiber:","true"],"stack":null}
[2026-03-21T15:56:41.667Z] {"timestamp":1774108600701,"level":"LOG","args":["Found onClick at depth:","0"],"stack":null}
[2026-03-21T15:56:51.758Z] {"timestamp":1774108611617,"level":"LOG","args":["Total buttons:","22"],"stack":null}
[2026-03-21T15:56:51.758Z] {"timestamp":1774108611618,"level":"LOG","args":["Button texts:",["山","水","太阳","月亮","侗语发音","普通话发音","开始录音","播放录音"]],"stack":null}
[2026-03-21T15:56:51.758Z] {"timestamp":1774108611621,"level":"LOG","args":["Clicked 你好"],"stack":null}
[2026-03-21T15:56:53.672Z] {"timestamp":1774108612136,"level":"LOG","args":["Clicked 侗语发音, audioLog:","[]"],"stack":null}
[2026-03-21T15:57:11.670Z] {"timestamp":1774108629689,"level":"LOG","args":["[TTS] Speaking:","mi"],"stack":null}
[2026-03-21T15:57:11.670Z] {"timestamp":1774108630489,"level":"LOG","args":["[TTS] Speaking:","lao"],"stack":null}
[2026-03-21T15:57:11.670Z] {"timestamp":1774108630690,"level":"LOG","args":["TTS log:","[\"mi\",\"lao\"]"],"stack":null}
[2026-03-21T15:57:11.670Z] {"timestamp":1774108630691,"level":"LOG","args":["Audio log:","[]"],"stack":null}
[2026-03-21T15:59:29.498Z] {"timestamp":1774108767485,"level":"DEBUG","args":["[Manus] Debug collector initialized (no rrweb, UI events only)"],"stack":null}
[2026-03-21T15:59:29.498Z] {"timestamp":1774108767511,"level":"DEBUG","args":["[vite] connected."],"stack":null}
[2026-03-21T15:59:29.498Z] {"timestamp":1774108767624,"level":"INFO","args":["%cDownload the React DevTools for a better development experience: https://react.dev/link/react-devtools","font-weight:bold"],"stack":null}
[2026-03-21T15:59:39.501Z] {"timestamp":1774108778115,"level":"LOG","args":["拦截已设置"],"stack":null}
[2026-03-21T15:59:45.502Z] {"timestamp":1774108785427,"level":"LOG","args":["[TTS] text:","ma"],"stack":null}
[2026-03-22T01:49:26.667Z] {"timestamp":1774144165438,"level":"LOG","args":["[vite] server connection lost. Polling for restart..."],"stack":null}
[2026-03-22T01:49:26.727Z] {"timestamp":1774144165438,"level":"LOG","args":["[vite] server connection lost. Polling for restart..."],"stack":null}
[2026-03-22T01:49:29.801Z] {"timestamp":1774144167776,"level":"DEBUG","args":["[Manus] Debug collector initialized (no rrweb, UI events only)"],"stack":null}
[2026-03-22T01:49:29.801Z] {"timestamp":1774144167846,"level":"DEBUG","args":["[vite] connected."],"stack":null}
[2026-03-22T01:49:29.801Z] {"timestamp":1774144168027,"level":"INFO","args":["%cDownload the React DevTools for a better development experience: https://react.dev/link/react-devtools","font-weight:bold"],"stack":null}
[2026-03-22T01:56:47.851Z] {"timestamp":1774144607682,"level":"DEBUG","args":["[vite]","hot updated: /src/pages/ToneCompare.tsx"],"stack":null}
[2026-03-22T01:56:47.851Z] {"timestamp":1774144607683,"level":"DEBUG","args":["[vite]","hot updated: /src/index.css"],"stack":null}
[2026-03-22T01:57:19.678Z] {"timestamp":1774144637663,"level":"DEBUG","args":["[Manus] Debug collector initialized (no rrweb, UI events only)"],"stack":null}
[2026-03-22T01:57:19.678Z] {"timestamp":1774144637790,"level":"DEBUG","args":["[vite] connected."],"stack":null}
[2026-03-22T01:57:19.678Z] {"timestamp":1774144638007,"level":"INFO","args":["%cDownload the React DevTools for a better development experience: https://react.dev/link/react-devtools","font-weight:bold"],"stack":null}
[2026-03-22T01:57:35.218Z] {"timestamp":1774144653203,"level":"DEBUG","args":["[Manus] Debug collector initialized (no rrweb, UI events only)"],"stack":null}
[2026-03-22T01:57:35.218Z] {"timestamp":1774144653261,"level":"DEBUG","args":["[vite] connected."],"stack":null}
[2026-03-22T01:57:35.218Z] {"timestamp":1774144653359,"level":"INFO","args":["%cDownload the React DevTools for a better development experience: https://react.dev/link/react-devtools","font-weight:bold"],"stack":null}
[2026-03-22T01:57:45.653Z] {"timestamp":1774144663639,"level":"DEBUG","args":["[Manus] Debug collector initialized (no rrweb, UI events only)"],"stack":null}
[2026-03-22T01:57:45.653Z] {"timestamp":1774144663679,"level":"DEBUG","args":["[vite] connected."],"stack":null}
[2026-03-22T01:57:45.653Z] {"timestamp":1774144663770,"level":"INFO","args":["%cDownload the React DevTools for a better development experience: https://react.dev/link/react-devtools","font-weight:bold"],"stack":null}
[2026-03-22T02:26:39.617Z] {"timestamp":1774146396978,"level":"LOG","args":["[vite] server connection lost. Polling for restart..."],"stack":null}
[2026-03-22T02:26:39.710Z] {"timestamp":1774146396978,"level":"LOG","args":["[vite] server connection lost. Polling for restart..."],"stack":null}
[2026-03-22T02:26:43.058Z] {"timestamp":1774146401045,"level":"DEBUG","args":["[Manus] Debug collector initialized (no rrweb, UI events only)"],"stack":null}
[2026-03-22T02:26:43.058Z] {"timestamp":1774146401069,"level":"DEBUG","args":["[vite] connected."],"stack":null}
[2026-03-22T02:26:43.058Z] {"timestamp":1774146401285,"level":"INFO","args":["%cDownload the React DevTools for a better development experience: https://react.dev/link/react-devtools","font-weight:bold"],"stack":null}
[2026-03-22T02:47:18.211Z] {"timestamp":1774147637843,"level":"LOG","args":["[vite] server connection lost. Polling for restart..."],"stack":null}
[2026-03-22T02:47:21.478Z] {"timestamp":1774147639464,"level":"DEBUG","args":["[Manus] Debug collector initialized (no rrweb, UI events only)"],"stack":null}
[2026-03-22T02:47:21.478Z] {"timestamp":1774147639510,"level":"DEBUG","args":["[vite] connected."],"stack":null}
[2026-03-22T02:47:21.478Z] {"timestamp":1774147639556,"level":"INFO","args":["%cDownload the React DevTools for a better development experience: https://react.dev/link/react-devtools","font-weight:bold"],"stack":null}
[2026-03-22T02:47:58.594Z] {"timestamp":1774147676266,"level":"DEBUG","args":["[Manus] Debug collector initialized (no rrweb, UI events only)"],"stack":null}
[2026-03-22T02:47:58.594Z] {"timestamp":1774147676984,"level":"DEBUG","args":["[vite] connected."],"stack":null}
[2026-03-22T02:47:58.594Z] {"timestamp":1774147678142,"level":"INFO","args":["%cDownload the React DevTools for a better development experience: https://react.dev/link/react-devtools","font-weight:bold"],"stack":null}
[2026-03-22T02:47:59.401Z] {"timestamp":1774147677093,"level":"DEBUG","args":["[Manus] Debug collector initialized (no rrweb, UI events only)"],"stack":null}
[2026-03-22T02:47:59.401Z] {"timestamp":1774147677867,"level":"DEBUG","args":["[vite] connected."],"stack":null}
[2026-03-22T02:47:59.401Z] {"timestamp":1774147678439,"level":"INFO","args":["%cDownload the React DevTools for a better development experience: https://react.dev/link/react-devtools","font-weight:bold"],"stack":null}
[2026-03-22T02:49:45.277Z] {"timestamp":1774147783173,"level":"DEBUG","args":["[Manus] Debug collector initialized (no rrweb, UI events only)"],"stack":null}
[2026-03-22T02:49:45.277Z] {"timestamp":1774147783885,"level":"INFO","args":["%cDownload the React DevTools for a better development experience: https://react.dev/link/react-devtools","font-weight:bold"],"stack":null}
[2026-03-22T02:49:45.277Z] {"timestamp":1774147784104,"level":"DEBUG","args":["[vite] connected."],"stack":null}
[2026-03-22T02:56:29.478Z] {"timestamp":1774148188019,"level":"DEBUG","args":["[vite]","hot updated: /src/index.css"],"stack":null}
[2026-03-22T02:56:29.478Z] {"timestamp":1774148188021,"level":"DEBUG","args":["[vite]","hot updated: /src/components/Navbar.tsx"],"stack":null}
[2026-03-22T02:56:29.741Z] {"timestamp":1774148188885,"level":"DEBUG","args":["[vite]","hot updated: /src/index.css"],"stack":null}
[2026-03-22T02:56:29.741Z] {"timestamp":1774148188886,"level":"DEBUG","args":["[vite]","hot updated: /src/components/Navbar.tsx"],"stack":null}
[2026-03-22T02:56:37.478Z] {"timestamp":1774148197287,"level":"DEBUG","args":["[vite]","hot updated: /src/App.tsx"],"stack":null}
[2026-03-22T02:56:37.478Z] {"timestamp":1774148197288,"level":"DEBUG","args":["[vite]","hot updated: /src/index.css"],"stack":null}
[2026-03-22T02:56:51.479Z] {"timestamp":1774148211056,"level":"DEBUG","args":["[vite]","hot updated: /src/pages/Home.tsx"],"stack":null}
[2026-03-22T02:56:51.479Z] {"timestamp":1774148211057,"level":"DEBUG","args":["[vite]","hot updated: /src/index.css"],"stack":null}
[2026-03-22T02:56:59.740Z] {"timestamp":1774148197850,"level":"DEBUG","args":["[vite]","hot updated: /src/App.tsx"],"stack":null}
[2026-03-22T02:56:59.740Z] {"timestamp":1774148197850,"level":"DEBUG","args":["[vite]","hot updated: /src/index.css"],"stack":null}
[2026-03-22T02:56:59.740Z] {"timestamp":1774148211116,"level":"DEBUG","args":["[vite]","hot updated: /src/pages/Home.tsx"],"stack":null}
[2026-03-22T02:56:59.740Z] {"timestamp":1774148211116,"level":"DEBUG","args":["[vite]","hot updated: /src/index.css"],"stack":null}
[2026-03-22T02:57:01.479Z] {"timestamp":1774148221302,"level":"DEBUG","args":["[vite]","hot updated: /src/pages/Home.tsx"],"stack":null}
[2026-03-22T02:57:01.479Z] {"timestamp":1774148221303,"level":"DEBUG","args":["[vite]","hot updated: /src/index.css"],"stack":null}
[2026-03-22T02:57:40.867Z] {"timestamp":1774148258569,"level":"DEBUG","args":["[Manus] Debug collector initialized (no rrweb, UI events only)"],"stack":null}
[2026-03-22T02:57:40.867Z] {"timestamp":1774148259235,"level":"DEBUG","args":["[vite] connected."],"stack":null}
[2026-03-22T02:57:40.867Z] {"timestamp":1774148260382,"level":"INFO","args":["%cDownload the React DevTools for a better development experience: https://react.dev/link/react-devtools","font-weight:bold"],"stack":null}
[2026-03-22T02:57:44.669Z] {"timestamp":1774148221390,"level":"DEBUG","args":["[vite]","hot updated: /src/pages/Home.tsx"],"stack":null}
[2026-03-22T02:57:44.669Z] {"timestamp":1774148221390,"level":"DEBUG","args":["[vite]","hot updated: /src/index.css"],"stack":null}
[2026-03-22T02:57:44.669Z] {"timestamp":1774148263623,"level":"LOG","args":["[vite] server connection lost. Polling for restart..."],"stack":null}
[2026-03-22T02:57:47.749Z] {"timestamp":1774148265137,"level":"DEBUG","args":["[Manus] Debug collector initialized (no rrweb, UI events only)"],"stack":null}
[2026-03-22T02:57:47.749Z] {"timestamp":1774148265862,"level":"DEBUG","args":["[vite] connected."],"stack":null}
[2026-03-22T02:57:47.749Z] {"timestamp":1774148266556,"level":"INFO","args":["%cDownload the React DevTools for a better development experience: https://react.dev/link/react-devtools","font-weight:bold"],"stack":null}
[2026-03-22T03:00:16.786Z] {"timestamp":1774148414686,"level":"DEBUG","args":["[Manus] Debug collector initialized (no rrweb, UI events only)"],"stack":null}
[2026-03-22T03:00:16.786Z] {"timestamp":1774148415110,"level":"INFO","args":["%cDownload the React DevTools for a better development experience: https://react.dev/link/react-devtools","font-weight:bold"],"stack":null}
[2026-03-22T03:00:16.786Z] {"timestamp":1774148415401,"level":"DEBUG","args":["[vite] connected."],"stack":null}
[2026-03-22T03:01:17.481Z] {"timestamp":1774148477033,"level":"DEBUG","args":["[vite]","hot updated: /src/pages/Home.tsx"],"stack":null}
[2026-03-22T03:01:17.482Z] {"timestamp":1774148477034,"level":"DEBUG","args":["[vite]","hot updated: /src/index.css"],"stack":null}
[2026-03-22T03:01:19.739Z] {"timestamp":1774148478168,"level":"DEBUG","args":["[vite]","hot updated: /src/pages/Home.tsx"],"stack":null}
[2026-03-22T03:01:19.739Z] {"timestamp":1774148478168,"level":"DEBUG","args":["[vite]","hot updated: /src/index.css"],"stack":null}
[2026-03-22T03:01:37.477Z] {"timestamp":1774148496630,"level":"DEBUG","args":["[vite]","hot updated: /src/pages/Home.tsx"],"stack":null}
[2026-03-22T03:01:37.477Z] {"timestamp":1774148496630,"level":"DEBUG","args":["[vite]","hot updated: /src/index.css"],"stack":null}
[2026-03-22T03:01:37.740Z] {"timestamp":1774148496769,"level":"DEBUG","args":["[vite]","hot updated: /src/pages/Home.tsx"],"stack":null}
[2026-03-22T03:01:37.740Z] {"timestamp":1774148496769,"level":"DEBUG","args":["[vite]","hot updated: /src/index.css"],"stack":null}
[2026-03-22T03:01:59.743Z] {"timestamp":1774148478213,"level":"DEBUG","args":["[vite]","hot updated: /src/pages/Home.tsx"],"stack":null}
[2026-03-22T03:01:59.743Z] {"timestamp":1774148478213,"level":"DEBUG","args":["[vite]","hot updated: /src/index.css"],"stack":null}
[2026-03-22T03:01:59.743Z] {"timestamp":1774148496893,"level":"DEBUG","args":["[vite]","hot updated: /src/pages/Home.tsx"],"stack":null}
[2026-03-22T03:01:59.743Z] {"timestamp":1774148496893,"level":"DEBUG","args":["[vite]","hot updated: /src/index.css"],"stack":null}
[2026-03-22T03:02:08.940Z] {"timestamp":1774148526547,"level":"DEBUG","args":["[Manus] Debug collector initialized (no rrweb, UI events only)"],"stack":null}
[2026-03-22T03:02:08.940Z] {"timestamp":1774148527263,"level":"DEBUG","args":["[vite] connected."],"stack":null}
[2026-03-22T03:02:12.752Z] {"timestamp":1774148530370,"level":"DEBUG","args":["[Manus] Debug collector initialized (no rrweb, UI events only)"],"stack":null}
[2026-03-22T03:02:12.752Z] {"timestamp":1774148530771,"level":"INFO","args":["%cDownload the React DevTools for a better development experience: https://react.dev/link/react-devtools","font-weight:bold"],"stack":null}
[2026-03-22T03:02:12.752Z] {"timestamp":1774148531321,"level":"DEBUG","args":["[vite] connected."],"stack":null}
[2026-03-22T03:06:42.556Z] {"timestamp":1774148800818,"level":"LOG","args":["[vite] server connection lost. Polling for restart..."],"stack":null}
[2026-03-22T03:06:45.749Z] {"timestamp":1774148803041,"level":"DEBUG","args":["[Manus] Debug collector initialized (no rrweb, UI events only)"],"stack":null}
[2026-03-22T03:06:45.749Z] {"timestamp":1774148803995,"level":"DEBUG","args":["[vite] connected."],"stack":null}
[2026-03-22T03:06:45.749Z] {"timestamp":1774148804408,"level":"INFO","args":["%cDownload the React DevTools for a better development experience: https://react.dev/link/react-devtools","font-weight:bold"],"stack":null}
[2026-03-22T03:10:45.303Z] {"timestamp":1774149043496,"level":"LOG","args":["[vite] server connection lost. Polling for restart..."],"stack":null}
[2026-03-22T03:10:48.756Z] {"timestamp":1774149045799,"level":"DEBUG","args":["[Manus] Debug collector initialized (no rrweb, UI events only)"],"stack":null}
[2026-03-22T03:10:48.756Z] {"timestamp":1774149046595,"level":"DEBUG","args":["[vite] connected."],"stack":null}
[2026-03-22T03:10:48.756Z] {"timestamp":1774149046982,"level":"INFO","args":["%cDownload the React DevTools for a better development experience: https://react.dev/link/react-devtools","font-weight:bold"],"stack":null}
[2026-03-22T03:35:08.127Z] {"timestamp":1774150504559,"level":"DEBUG","args":["[Manus] Debug collector initialized (no rrweb, UI events only)"],"stack":null}
[2026-03-22T03:35:08.127Z] {"timestamp":1774150504669,"level":"DEBUG","args":["[vite] connected."],"stack":null}
[2026-03-22T03:35:08.127Z] {"timestamp":1774150505111,"level":"INFO","args":["%cDownload the React DevTools for a better development experience: https://react.dev/link/react-devtools","font-weight:bold"],"stack":null}
[2026-03-22T03:37:04.791Z] {"timestamp":1774150622658,"level":"DEBUG","args":["[Manus] Debug collector initialized (no rrweb, UI events only)"],"stack":null}
[2026-03-22T03:37:04.791Z] {"timestamp":1774150623429,"level":"INFO","args":["%cDownload the React DevTools for a better development experience: https://react.dev/link/react-devtools","font-weight:bold"],"stack":null}
[2026-03-22T03:37:04.791Z] {"timestamp":1774150623710,"level":"DEBUG","args":["[vite] connected."],"stack":null}
[2026-03-22T03:41:35.007Z] {"timestamp":1774150893125,"level":"LOG","args":["[vite] server connection lost. Polling for restart..."],"stack":null}
[2026-03-22T03:41:37.770Z] {"timestamp":1774150895553,"level":"DEBUG","args":["[Manus] Debug collector initialized (no rrweb, UI events only)"],"stack":null}
[2026-03-22T03:41:37.770Z] {"timestamp":1774150896330,"level":"DEBUG","args":["[vite] connected."],"stack":null}
[2026-03-22T03:41:37.770Z] {"timestamp":1774150897006,"level":"INFO","args":["%cDownload the React DevTools for a better development experience: https://react.dev/link/react-devtools","font-weight:bold"],"stack":null}
[2026-03-22T03:45:37.829Z] {"timestamp":1774151136018,"level":"LOG","args":["[vite] server connection lost. Polling for restart..."],"stack":null}
[2026-03-22T03:45:40.772Z] {"timestamp":1774151138363,"level":"DEBUG","args":["[Manus] Debug collector initialized (no rrweb, UI events only)"],"stack":null}
[2026-03-22T03:45:40.772Z] {"timestamp":1774151139236,"level":"DEBUG","args":["[vite] connected."],"stack":null}
[2026-03-22T03:45:40.772Z] {"timestamp":1774151139664,"level":"INFO","args":["%cDownload the React DevTools for a better development experience: https://react.dev/link/react-devtools","font-weight:bold"],"stack":null}
[2026-03-22T03:47:39.442Z] {"timestamp":1774151259199,"level":"LOG","args":["[vite] server connection lost. Polling for restart..."],"stack":null}
[2026-03-22T03:47:43.575Z] {"timestamp":1774151261548,"level":"DEBUG","args":["[Manus] Debug collector initialized (no rrweb, UI events only)"],"stack":null}
[2026-03-22T03:47:43.575Z] {"timestamp":1774151261623,"level":"DEBUG","args":["[vite] connected."],"stack":null}
[2026-03-22T03:47:43.575Z] {"timestamp":1774151261977,"level":"INFO","args":["%cDownload the React DevTools for a better development experience: https://react.dev/link/react-devtools","font-weight:bold"],"stack":null}
[2026-03-22T03:49:40.555Z] {"timestamp":1774151378811,"level":"LOG","args":["[vite] server connection lost. Polling for restart..."],"stack":null}
[2026-03-22T03:49:43.765Z] {"timestamp":1774151380980,"level":"DEBUG","args":["[Manus] Debug collector initialized (no rrweb, UI events only)"],"stack":null}
[2026-03-22T03:49:43.765Z] {"timestamp":1774151381855,"level":"DEBUG","args":["[vite] connected."],"stack":null}
[2026-03-22T03:49:43.765Z] {"timestamp":1774151382279,"level":"INFO","args":["%cDownload the React DevTools for a better development experience: https://react.dev/link/react-devtools","font-weight:bold"],"stack":null}
[2026-03-22T03:53:06.236Z] {"timestamp":1774151586172,"level":"LOG","args":["[vite] server connection lost. Polling for restart..."],"stack":null}
[2026-03-22T03:53:10.258Z] {"timestamp":1774151588239,"level":"DEBUG","args":["[Manus] Debug collector initialized (no rrweb, UI events only)"],"stack":null}
[2026-03-22T03:53:10.258Z] {"timestamp":1774151588395,"level":"DEBUG","args":["[vite] connected."],"stack":null}
[2026-03-22T03:53:10.258Z] {"timestamp":1774151588509,"level":"INFO","args":["%cDownload the React DevTools for a better development experience: https://react.dev/link/react-devtools","font-weight:bold"],"stack":null}
